
*** Running vivado
    with args -log srtb.vds -m64 -product Vivado -mode batch -messageDb vivado.pb -notrace -source srtb.tcl



****** Vivado v2022.2 (64-bit)
  **** SW Build 3671981 on Fri Oct 14 05:00:03 MDT 2022
  **** IP Build 3669848 on Fri Oct 14 08:30:02 MDT 2022
    ** Copyright 1986-2022 Xilinx, Inc. All Rights Reserved.

source srtb.tcl -notrace
create_project: Time (s): cpu = 00:00:05 ; elapsed = 00:00:07 . Memory (MB): peak = 379.008 ; gain = 67.430
Command: synth_design -top srtb -part xc7a15tcpg236-1
Starting synth_design
Attempting to get a license for feature 'Synthesis' and/or device 'xc7a15t'
INFO: [Common 17-349] Got license for feature 'Synthesis' and/or device 'xc7a15t'
INFO: [Synth 8-7079] Multithreading enabled for synth_design using a maximum of 2 processes.
INFO: [Synth 8-7078] Launching helper process for spawning children vivado processes
INFO: [Synth 8-7075] Helper process launched with PID 1664
INFO: [Synth 8-11241] undeclared symbol 'REGCCE', assumed default net type 'wire' [C:/Xilinx/Vivado/2022.2/data/verilog/src/unimacro/BRAM_SINGLE_MACRO.v:2170]
CRITICAL WARNING: [Synth 8-9873] overwriting previous definition of module 'srff' [D:/aca2301390021/srff/srff.srcs/sources_1/new/srff.v:45]
INFO: [Synth 8-9937] previous definition of design element 'srff' is here [D:/aca2301390021/srff/srff.srcs/sources_1/new/srff1.v:45]
---------------------------------------------------------------------------------
Starting Synthesize : Time (s): cpu = 00:00:07 ; elapsed = 00:00:08 . Memory (MB): peak = 818.504 ; gain = 414.625
---------------------------------------------------------------------------------
INFO: [Synth 8-6157] synthesizing module 'srtb' [D:/aca2301390021/srff/srff.srcs/sources_1/new/srff.v:47]
INFO: [Synth 8-6157] synthesizing module 'srff' [D:/aca2301390021/srff/srff.srcs/sources_1/new/srff.v:23]
ERROR: [Synth 8-27] procedural assign not supported [D:/aca2301390021/srff/srff.srcs/sources_1/new/srff.v:42]
ERROR: [Synth 8-6156] failed synthesizing module 'srff' [D:/aca2301390021/srff/srff.srcs/sources_1/new/srff.v:23]
ERROR: [Synth 8-6156] failed synthesizing module 'srtb' [D:/aca2301390021/srff/srff.srcs/sources_1/new/srff.v:47]
---------------------------------------------------------------------------------
Finished Synthesize : Time (s): cpu = 00:00:09 ; elapsed = 00:00:10 . Memory (MB): peak = 908.023 ; gain = 504.145
---------------------------------------------------------------------------------
