


ARM Macro Assembler    Page 1 


    1 00000000                 AREA             PALLINDROME,CODE,READONLY
    2 00000000                 ENTRY
    3 00000000         START
    4 00000000 E59F0044        LDR              R0,=Array   ;
    5 00000004 E59F1044        LDR              R1,=ArrayEnd ;
    6 00000008 E59F5044        LDR              R5,=Length
    7 0000000C E5956000        LDR              R6,[R5]
    8 00000010 E1A080A6        MOV              R8,R6, LSR #1
    9 00000014         LOOP
   10 00000014 E4D02001        LDRB             R2,[R0],#1
   11 00000018 E5713001        LDRB             R3,[R1,#-1]!
   12 0000001C E2844001        ADD              R4,R4,#1
   13 00000020 E1520003        CMP              R2,R3
   14 00000024 1A000004        BNE              STOP
   15 00000028 E1580004        CMP              R8,R4
   16 0000002C 8AFFFFF8        BHI              LOOP
   17 00000030 E15400A6        CMP              R4,R6, LSR #1
   18 00000034 1A000000        BNE              STOP
   19 00000038 E3A07001        MOV              R7,#1
   20 0000003C EAFFFFFE 
                       STOP    B                STOP
   21 00000040         Array
   22 00000040 6D 61 64 
              61 6D            DCB              "madam"
   23 00000045         ArrayEnd
   24 00000045 00 00 00        ALIGN
   25 00000048         Length
   26 00000048 00000005        DCD              5
   27 0000004C                 END
              00000000 
              00000000 
              00000000 
Command Line: --debug --xref --diag_suppress=9931 --apcs=interwork --depend=.\o
bjects\palindrome.d -o.\objects\palindrome.o -IC:\Keil_v5\ARM\RV31\INC -IC:\Kei
l_v5\ARM\INC\Philips --predefine="__EVAL SETA 1" --predefine="__UVISION_VERSION
 SETA 538" --list=.\listings\palindrome.lst palindrome.s



ARM Macro Assembler    Page 1 Alphabetic symbol ordering
Relocatable symbols

Array 00000040

Symbol: Array
   Definitions
      At line 21 in file palindrome.s
   Uses
      At line 4 in file palindrome.s
Comment: Array used once
ArrayEnd 00000045

Symbol: ArrayEnd
   Definitions
      At line 23 in file palindrome.s
   Uses
      At line 5 in file palindrome.s
Comment: ArrayEnd used once
LOOP 00000014

Symbol: LOOP
   Definitions
      At line 9 in file palindrome.s
   Uses
      At line 16 in file palindrome.s
Comment: LOOP used once
Length 00000048

Symbol: Length
   Definitions
      At line 25 in file palindrome.s
   Uses
      At line 6 in file palindrome.s
Comment: Length used once
PALLINDROME 00000000

Symbol: PALLINDROME
   Definitions
      At line 1 in file palindrome.s
   Uses
      None
Comment: PALLINDROME unused
START 00000000

Symbol: START
   Definitions
      At line 3 in file palindrome.s
   Uses
      None
Comment: START unused
STOP 0000003C

Symbol: STOP
   Definitions
      At line 20 in file palindrome.s
   Uses
      At line 14 in file palindrome.s
      At line 18 in file palindrome.s
      At line 20 in file palindrome.s

7 symbols



ARM Macro Assembler    Page 2 Alphabetic symbol ordering
Relocatable symbols

341 symbols in table
